0b80f7a4-7b37-488c-b1b9-3c2df129de10 GET /users 23.790
62e42534-7758-4487-8a5f-64e7874db9a3 GET /status 16.451
54a1ebf2-ab14-4a05-b8c1-72aa6771ac4d GET / 1.662
b871b5b5-cfb7-4304-a3c2-22013869ba4f GET /status 0.769
936a5865-dd88-4096-841a-e6f29b8d4aed GET /status 0.609
f69c45b4-8df8-4790-869e-e4282220d241 GET /status 0.517
e7e0d52b-447e-4701-96d6-a279e9c66aa6 GET /status 0.630
c21bcc39-86ba-40b0-aa49-63926f223dc0 GET /status 0.512
fe375501-7349-430a-8ca8-588b1b9fea1e GET /status 0.665
e06dfbfc-f96b-4b72-a1a6-01af4a4fc9f0 GET /status 0.469
a47cf004-1b20-4d3b-bb3a-33b09160afc2 GET /status 0.636
8e7c3a6e-d8bd-4c3a-bf61-42943481739e GET / 0.687
8e447ce4-4b18-44ab-b935-6d30fd5ac699 GET /status 0.591
710beb54-8e14-449b-ae50-112f608f5011 GET /favicon.ico 5.413
46dc077b-bd64-49d8-9e7c-0b45c4c48475 GET /socket.io/?EIO=3&transport=polling&t=NGCldAX 16.450
c12b6413-d03a-462f-b06b-47e66ab6a935 GET /socket.io/?EIO=3&transport=polling&t=NGClhua 20.297
1884d1dd-eb06-4e08-8793-69cafdacfcd2 GET /socket.io/?EIO=3&transport=polling&t=NGClit9 17.576
d12fac6e-7278-4974-b16b-80bf9a083976 GET /socket.io/?EIO=3&transport=polling&t=NGClkK_ 16.324
9caa75a6-05d4-480a-b761-e1960dab938e GET /socket.io/?EIO=3&transport=polling&t=NGCm5KP 17.843
5d351074-1518-45b1-a0ba-6909dc1534c4 OPTIONS /login 1.357
c5212fed-12d7-4af0-bd6d-6dd8aec46787 POST /login 120.719
62e5b908-3dbf-4cf5-9b8f-233caf13f7e9 GET /socket.io/?EIO=3&transport=polling&t=NGCm--D 16.605
1f7ce8ee-d4a5-4b48-92c2-d440d8672f16 GET /socket.io/?EIO=3&transport=polling&t=NGCn1w_ 17.564
8e4be07d-8e11-4c60-b67b-5a82f1bfa0b3 GET /socket.io/?EIO=3&transport=polling&t=NGCn65a 17.466
39596840-9a6f-445e-9be5-bba665c90af3 GET /users 0.747
ca95edf5-8990-4b24-959e-aeab612a5070 OPTIONS /login 1.139
954981e5-c8b1-47b3-9e91-d7ca4f1de3cd POST /login 112.790
2c93aea8-3528-4729-a0cc-ac8b417b36af GET /users 0.557
38ee75e6-106a-4e0e-9162-ee800f269a25 GET /socket.io/?EIO=3&transport=polling&t=NGCni_Q 17.371
247b83e3-1092-4696-aab3-3d2034c8e3ec GET /socket.io/?EIO=3&transport=polling&t=NGCnkEa 17.002
3e410ec1-6677-4831-9372-35929063f37f GET /users 0.800
cac7dedb-4e99-4103-8485-21dff44036ce GET /socket.io/?EIO=3&transport=polling&t=NGCp6D2 18.276
b2ae3f2f-657e-4226-a46d-c0da8e7ca188 GET /socket.io/?EIO=3&transport=polling&t=NGCp8wB 16.634
58bec3b1-98f4-4a1e-b59e-9a1d57fbfd02 OPTIONS /login 1.126
d7541fb9-e313-4cae-aec6-d0b11805f773 POST /login 110.400
31acbbed-887f-4cd2-94b8-05cb386574ef OPTIONS /login 0.706
8a1f5dc0-5353-43bf-9e94-345ffab7733d POST /login 90.851
3d219ba2-aad1-44fb-9a31-552bfa9c62a1 GET /socket.io/?EIO=3&transport=polling&t=NGCpkiz 17.317
b8f10c33-2072-4bc2-9685-27f2df15b557 GET /socket.io/?EIO=3&transport=polling&t=NGCpliW 17.377
949f1395-88c3-4a75-9986-5d0a4f02eeea OPTIONS /login 1.486
98813b8f-a30f-4642-937d-8291620ee426 POST /login 113.368
4ca4c49b-d6d7-4b38-9281-1ceca6c6db4e GET /users 0.726
db95d883-676a-4b1d-a7b6-202c536da55d GET /users 0.727
b258acfe-4bdc-439c-985c-b3a49924594b GET /socket.io/?EIO=3&transport=polling&t=NGCrBJM 17.340
99475c62-a11c-4109-b7d7-6968c8c7496a GET /socket.io/?EIO=3&transport=polling&t=NGCrCo7 26.784
22b652fe-9673-4f92-8dcf-01fffb2e7bd3 GET /socket.io/?EIO=3&transport=polling&t=NGCrEFy 17.261
3790ff24-13ff-46d3-978d-26a7fc13a5fc GET /socket.io/?EIO=3&transport=polling&t=NGCrGD9 17.652
6d4179fc-e368-4422-93e5-a4c5e4a35a5d GET /socket.io/?EIO=3&transport=polling&t=NGCrJuJ 16.935
d5b28d75-4fc1-4dd6-8701-048d486e3417 GET /socket.io/?EIO=3&transport=polling&t=NGCrWMw 18.057
161ae8a0-3358-4675-b26b-e02765247fba GET /socket.io/?EIO=3&transport=polling&t=NGCra1g 19.266
02f81417-3da9-4d03-8751-d83a21f81978 GET /socket.io/?EIO=3&transport=polling&t=NGCrbWM 17.211
6213fb82-4581-4f73-aa78-7ded85fa42c2 GET /socket.io/?EIO=3&transport=polling&t=NGCrc_8 19.354
814d0914-2ae3-4246-9cb9-07130b268842 GET /socket.io/?EIO=3&transport=polling&t=NGCritO 17.946
fc39066a-e988-4162-9335-fbb91c9bbae7 GET /socket.io/?EIO=3&transport=polling&t=NGCro15 18.899
4e99b6f9-3829-4e2c-963d-7b038d39c9d9 GET /socket.io/?EIO=3&transport=polling&t=NGCrpF_ 17.626
9b475b5d-79cf-4ddf-8d20-d632db31d8e2 GET /socket.io/?EIO=3&transport=polling&t=NGCsNTC 17.271
b8b7bb98-04f7-46ad-bffe-a445a018aab4 OPTIONS /login 1.603
165fa00c-5505-49df-a007-fa3f2a30a224 POST /login 105.319
4d772720-09a7-4d85-8998-c8e98b9515ad GET /users 2.191
d2d0cea7-e226-422d-a70c-1b42d2bf52ac GET /status 19.124
62e67bd5-e96e-40de-89d2-bd00289675b4 GET /users 0.929
27c2b45e-eb72-4d37-9a67-8337b4a66ce1 GET /status 0.496
5e1414f1-9245-4083-a321-8fda9a3405f1 GET /users 0.784
609ffa7a-1fd5-4fe3-a9ca-544f4faac2e9 GET /users 0.867
48e4354f-1885-4c4d-9811-cffc5aafaa0e GET /users 0.621
95a09bb4-4d22-4ddd-bd32-3617819ad6a1 GET /users 0.570
ec393c7c-5257-4e49-8955-5e4fb41ebd39 GET /users 0.851
936236d9-afcf-4ed9-896a-e9e0e830090c GET /users 0.882
53f29016-108a-4544-90cc-c65053f13667 GET /socket.io/?EIO=3&transport=polling&t=NGCtYCg 23.513
0260abe8-aedd-4d71-9390-7f237cf96eca GET /status 16.074
b4eb0b33-3729-4d1c-956e-ff32c05c76e6 GET /users 10.873
b4705998-bf25-4406-9140-28af05c610c0 GET / 2.286
c8a156db-47cf-48e0-b1bd-4f278c426e87 GET / 0.799
8b2c961c-4fe6-4065-b12c-999bce7c270b GET /users 3.719
1a320fe3-2d36-4ddd-9c24-f594ea4fba0c GET /users 3.071
dd062170-4d6a-4737-aaa1-5c1813d75ffe GET /users 3.060
37c211f6-e414-4e5e-9013-a8c6890a0e48 GET /users 2.830
3ad91d02-2bf2-49b2-86a8-fd871c006cc0 OPTIONS /login 1.024
6f040ccb-4e05-4807-b2a2-ddfa41f37ec2 POST /login 104.911
2869350f-5b59-4009-99ff-1fbdb7c9acab GET /users 0.460
2a3b7a3f-74dd-4d93-87e3-bdb78f85ecbb GET /socket.io/?EIO=3&transport=polling&t=NGCuixv 17.553
057606da-af81-4a9c-94a7-55807d760832 GET /socket.io/?EIO=3&transport=polling&t=NGCurmD 17.853
7f39530e-a565-472b-860e-a181786bbb7b OPTIONS /login 1.000
f77a1394-eadc-4293-9ea2-f10f665714c9 POST /login 112.511
e29605ed-0bc3-4ca7-8590-bcea854d0035 GET /status 14.954
f890a558-66ca-4378-a03b-41489955c02f GET /users 4.983
eb60ce4e-7b0f-4761-8b78-b86239a60ab2 GET /users 2.444
d6bf553f-6c00-4e56-93ae-b4b8af7725cd GET /socket.io/?EIO=3&transport=polling&t=NGCw7xl 17.463
7758e3df-a418-4230-a97e-3c51627343ab GET /socket.io/?EIO=3&transport=polling&t=NGCxAO6 17.547
b891a218-3161-42f8-87e2-b592a99a66ec GET /socket.io/?EIO=3&transport=polling&t=NGCxqPB 15.951
ccf5051b-3e07-4918-9e23-2d8a2b10e392 GET /socket.io/?EIO=3&transport=polling&t=NGCyAar 17.380
7d83048c-46a2-4b3a-9e63-5f56c48d9f2e GET /socket.io/?EIO=3&transport=polling&t=NGCyC3c 18.009
446404b6-3972-4ad0-8dcb-709dd999e1bf GET /socket.io/?EIO=3&transport=polling&t=NGCyEXn 17.986
0e9e5fb1-697a-4408-a002-ac1725020b7b GET /socket.io/?EIO=3&transport=polling&t=NGCyFXI 17.434
b7afc6bc-8cc0-44a5-9af9-4821a5bb5438 GET /socket.io/?EIO=3&transport=polling&t=NGCyJTA 18.085
2a05ab2f-4cc2-482d-8162-56e68e7211e1 GET /socket.io/?EIO=3&transport=polling&t=NGCyMhH 17.091
28a03529-0280-49dc-8e71-8bb14f1c3c12 GET /socket.io/?EIO=3&transport=polling&t=NGCyNwO 16.381
216d2bbd-7791-423b-a28f-64eb1fdb7b80 GET /socket.io/?EIO=3&transport=polling&t=NGCyQO8 18.510
baad627d-51ae-41ff-a088-eefeb314b3d5 GET /socket.io/?EIO=3&transport=polling&t=NGCyScV 17.550
470fb236-fe9b-43f7-bb2e-8eac3d0903a6 GET /socket.io/?EIO=3&transport=polling&t=NGCyU5E 25.450
1356cb55-bcaf-410f-bc86-9b188c48dc0c GET /socket.io/?EIO=3&transport=polling&t=NGCyaTO 16.904
8aedd027-579e-4a55-bf3d-53ced28db81a GET /socket.io/?EIO=3&transport=polling&t=NGCyjIG 17.354
1f4e5e39-89c5-41f8-afd9-62f7501ad953 GET /socket.io/?EIO=3&transport=polling&t=NGCymms 19.608
12608888-7219-4cca-9728-f98fec0f60b2 GET /socket.io/?EIO=3&transport=polling&t=NGCypyw 18.887
d46c9ef9-fac9-469a-8cf2-54ccdd5fb205 GET /socket.io/?EIO=3&transport=polling&t=NGCywKu 17.223
295258ca-85d2-4357-b1d8-d2b331732e6a GET /socket.io/?EIO=3&transport=polling&t=NGCyxq5 20.142
308d67ae-ab57-4f1a-953a-018054a57865 GET /socket.io/?EIO=3&transport=polling&t=NGCyyZ1 16.599
f6e2bbac-9c03-44ee-9eca-dedeee33dc02 GET /socket.io/?EIO=3&transport=polling&t=NGCz983 21.596
89d1743b-c438-48db-a969-302adae3b4c9 GET /socket.io/?EIO=3&transport=polling&t=NGCzDYH 17.420
051d296a-3ace-4465-a063-3b362293bce4 GET /socket.io/?EIO=3&transport=polling&t=NGCzP2i 16.745
aa373854-e047-41a7-b6ec-4ad68f30255a OPTIONS /login 1.681
ec11487f-d5bd-4943-af7b-a1f885539ff9 POST /login 107.998
1c316775-4337-413a-ad3e-027c075eb642 GET /socket.io/?EIO=3&transport=polling&t=NGCztMG 17.255
8f063943-03c7-49dd-94d5-76c44823ff81 OPTIONS /login 1.796
f88f7a1f-4287-4977-b8d0-66f94e64b190 POST /login 109.326
8f094012-81ea-4e32-80d4-b9517608d79d GET /socket.io/?EIO=3&transport=polling&t=NGC-6ce 19.477
62eb6880-a48a-47c0-b7a7-a9e9db7004a8 OPTIONS /login 1.048
14e6d851-1d17-4ed4-958a-5b971860fde9 GET /socket.io/?EIO=3&transport=polling&t=NGC-Mlw 17.536
74978ce3-1d6e-4dca-bb37-01cd977195dc GET /socket.io/?EIO=3&transport=polling&t=NGC-QSB 20.480
504f1945-a1a6-422a-b12d-4217ff1ffded OPTIONS /login 1.019
f1304969-7e13-489a-9cab-3b230d9e9995 POST /login 115.326
dd5afa48-3364-46f2-84c6-10fc78454371 GET /socket.io/?EIO=3&transport=polling&t=NGC-aFU 21.122
1c9648e4-fae7-4452-b163-ee01f062d525 GET /socket.io/?EIO=3&transport=polling&t=NGC-egN 16.943
00b3502c-53d8-463d-8c50-6fd5fb5a3758 GET /socket.io/?EIO=3&transport=polling&t=NGC-kJZ 17.176
5eecc4d3-65e3-49d8-a5f7-9a8e689134bd GET /socket.io/?EIO=3&transport=polling&t=NGC-seg 17.142
64ee7bc2-a36d-4e9b-a7c7-cc4155563d7c GET /socket.io/?EIO=3&transport=polling&t=NGC-wqJ 28.334
9c870c9a-a748-4c94-a814-4e1c859204a2 GET /socket.io/?EIO=3&transport=polling&t=NGC-y3S 17.251
b82532c8-64a4-408b-8419-ac067ad94835 GET /socket.io/?EIO=3&transport=polling&t=NGC-zYD 17.193
d9c9270d-9b3d-4008-824a-588af4243653 OPTIONS /login 0.977
880eef30-efef-4af2-a3ff-6af14b2c9e78 GET /socket.io/?EIO=3&transport=polling&t=NGC_9Ii 16.471
47634e76-df95-447c-8a6a-cecb79d20b62 OPTIONS /login 1.441
21230c60-4a0d-4d36-8898-30ab138aa99c POST /login 106.376
1e24e11a-151f-4f48-bf4c-1099bdf3b92a GET /socket.io/?EIO=3&transport=polling&t=NGD1q13 17.656
3676a8e2-e0c0-488b-b152-fbca7ce1361f GET /socket.io/?EIO=3&transport=polling&t=NGD1tSz 17.376
429023e3-8713-4f97-98f2-f5ca9179f277 GET /socket.io/?EIO=3&transport=polling&t=NGD2T4e 17.886
e0379a4b-6d51-44ef-8300-777febe13866 GET /socket.io/?EIO=3&transport=polling&t=NGD2q3E 18.839
0e8f1143-6a83-439e-ab7f-b24edc3f639c GET /socket.io/?EIO=3&transport=polling&t=NGD2r1o 18.163
1280cd9c-1c2a-4830-83a8-2dd405adb197 GET /socket.io/?EIO=3&transport=polling&t=NGD3tUJ 17.559
8260b535-a2bb-4b99-ae23-9fc5d44e3261 GET /socket.io/?EIO=3&transport=polling&t=NGD4AJI 17.918
83cf1b2b-1ade-4270-98a3-abd6282055b2 GET /socket.io/?EIO=3&transport=polling&t=NGD4S9g 17.803
746c14fe-a0b0-40a8-bbc6-43c1a0f29beb OPTIONS /login 1.062
fb06d202-7979-487e-b39c-67555895fe25 POST /login 112.756
de6541d0-d0ed-499d-8fcd-71cfd5c85817 GET /socket.io/?EIO=3&transport=polling&t=NGD63zo 16.223
5b18c238-820c-4e24-96d1-c0bbd9ddef7a GET /socket.io/?EIO=3&transport=polling&t=NGD65SZ 16.850
860e252a-3e2e-45f2-972c-b8d1a07aa055 GET /socket.io/?EIO=3&transport=polling&t=NGD66xE 17.107
0832f2a0-c71e-4dd2-b167-1a77393e7ee7 GET /socket.io/?EIO=3&transport=polling&t=NGD6HSy 18.264
6a6d82b1-3987-47c7-8d37-cfb7b4f61ed7 GET /socket.io/?EIO=3&transport=polling&t=NGD6JRI 20.007
80988707-f6ea-44b8-8106-8fb9d4c56b50 GET /socket.io/?EIO=3&transport=polling&t=NGD6MNz 18.508
ea42fad7-7ec0-4cef-9986-ddb5aab36d55 GET /socket.io/?EIO=3&transport=polling&t=NGD6Nsg 19.832
ad3f3fec-cdd0-46f3-b737-d8b1aa41ee94 GET /socket.io/?EIO=3&transport=polling&t=NGD6gCm 18.253
e7252892-816c-44e2-8f7d-6391d4b14836 GET /socket.io/?EIO=3&transport=polling&t=NGD6kOM 17.660
631a1d23-ad16-476d-bef3-a6e0f0b4d2b4 GET /socket.io/?EIO=3&transport=polling&t=NGD6lNt 17.430
064fbce7-7239-4829-87f5-68310595bcc4 GET /socket.io/?EIO=3&transport=polling&t=NGD6niU 17.175
ad1b0957-ba0b-4542-8523-28777622adfd GET /socket.io/?EIO=3&transport=polling&t=NGD6pRN 16.300
282e061a-c2df-4351-b679-f7fa8218d436 GET /socket.io/?EIO=3&transport=polling&t=NGD70ev 17.702
ffaaa827-294b-48ec-b6d6-aea720b5925e GET /users 0.920
d8d19095-dd80-498e-93d1-78fd25735688 GET /socket.io/?EIO=3&transport=polling&t=NGD8gvE 16.642
68832a2f-079c-4215-b811-c61f8c7e46da GET /socket.io/?EIO=3&transport=polling&t=NGD8iNY 16.693
b26c3553-e958-4602-8eaf-fb404db4b5a7 OPTIONS /login 1.641
c221c135-8544-4520-ac1c-6916ca9d52cb POST /login 110.926
c67e17ab-df44-468e-9c4e-f8a0ba868325 GET /users 0.547
4613cbb3-074e-458f-9a1a-bdd3a71ff202 GET /socket.io/?EIO=3&transport=polling&t=NGDBUvi 19.531
b17bfad7-8d4f-4773-b407-6e2746632ab5 GET /socket.io/?EIO=3&transport=polling&t=NGDBVvA 19.856
eb6016c3-0d5d-422d-b6d0-4eda804bd1e7 GET /socket.io/?EIO=3&transport=polling&t=NGDDLTV 19.364
85286f8e-6578-45ff-8664-9500c19e504f GET /socket.io/?EIO=3&transport=polling&t=NGDDuvE 17.000
1aacbe47-a033-403c-a3f3-0960dbf33c07 GET /socket.io/?EIO=3&transport=polling&t=NGDDwN_ 17.246
648ce158-af14-467f-8c7f-feb52f911496 GET /socket.io/?EIO=3&transport=polling&t=NGDDzqi 16.986
30f114c4-d912-46d3-a8d5-cb832f941d43 GET /socket.io/?EIO=3&transport=polling&t=NGDE20D 19.079
7f4941e6-a056-43a1-9239-2303588f2a87 GET /socket.io/?EIO=3&transport=polling&t=NGDE2_g 16.922
3b995e55-9152-424b-971e-a15730b008d3 GET /socket.io/?EIO=3&transport=polling&t=NGDE5hp 19.282
8deae1ed-cfde-423b-b5a9-ea6580b7878c OPTIONS /login 1.459
fb4c4055-c2d7-4320-a038-3622840c8182 POST /login 113.734
e505b646-6830-4458-bd5c-0a77fec969bf GET /users 0.804
9b794dd1-7f26-471a-a27c-8f6b65866f40 GET /users 0.567
a7665816-99c1-4e99-be86-3fb5904fbe6e GET /status 17.759
ad42731e-4ec7-4936-b1a8-ce2854680fa4 GET /socket.io/?EIO=3&transport=polling&t=NGDEkFh 17.409
377a24a4-5624-46a9-b58f-1626b9771ffd GET /users 14.745
d1dd5363-35fa-4b09-8e53-13ea9d89542a GET /users 3.345
686e5388-1f72-4489-abd5-07b140cea7ea GET /users 4.665
2a90612e-009a-4a14-90d2-458e4d08031a GET /users 3.887
dff04c85-00c0-42b9-aadf-0d2611abc2c8 GET /users 3.803
25a3af5c-698e-41a1-b076-22e4c7140035 GET /users 3.139
e564246b-13e7-44ac-9e41-b1072a866b4e GET /users 3.899
d85a3707-d685-436d-ad74-20d448ba7f0d GET /users 3.783
e9a32678-39f0-4548-adcd-a1819b0db2fc GET /users 3.092
277603d6-01bf-4c70-a829-fd53058bf70c GET /users 0.964
a99215de-eaa9-43cf-9b49-e2d199841d61 GET /users 19.905
84322248-db2d-41d3-884e-4e22daf5745a OPTIONS /login 0.911
b93c1471-adc9-4f12-838e-b524efd824e7 POST /login 99.686
2bd75146-8f7e-40e5-aece-ad2ad7c4d68f GET /users 3.473
959abfd1-30e7-460d-b56b-e84070d14543 GET /users 3.417
5318b560-7e7f-4f5d-ac9a-4ba007fc8cb4 GET /users 3.909
a577c113-89d2-41ce-8cc6-5081e8f58a02 GET /users 2.595
f1498a74-d5f7-46c8-b94d-723b14227f15 GET /users 2.848
5fc40e79-bc07-4b91-8f22-0e61f9ef6169 GET /users 2.533
97ad2b28-a99a-4f80-96cf-dd251fcb155e GET /users 3.449
cc682f00-1f4b-4db7-ba9c-2bf06bc374a5 GET /users 3.470
1b8690a9-85db-4c71-8c03-c80af9039b48 GET /socket.io/?EIO=3&transport=polling&t=NGG0YFX 17.313
2a7a87ef-b493-489f-a8da-475a0405a9fd GET /socket.io/?EIO=3&transport=polling&t=NGG0hcC 16.925
c5f83ff7-484c-49a5-8c9a-422ee42729c9 GET /users 1.115
3fe782e7-e81d-457a-88c4-d93698522007 GET /users 0.698
87d5006c-c00f-452a-bf25-0a9fe72387c9 OPTIONS /login 1.025
a6694bfc-9c4b-4c6e-8f98-db1e7841585d POST /login 109.081
8e693a73-e9fa-4b2f-b61c-50dd865ad121 GET /users 0.390
8cef1ad6-81c6-4009-aca0-9fd34bb87998 GET /users 3.662
c4054098-9a96-461c-96cf-41381bd0c1e2 GET /users 3.214
2f8431d8-be41-4e39-b8af-72e58dbb383a GET /users 2.431
dbc8785a-d557-4ff6-8481-2fd7b571b0ea GET /users 2.326
d9ee5b98-336c-424e-945f-db4baba9e97c GET /users 2.315
0ee7f998-053f-4a6c-90f4-196d824a4c55 GET /users 2.229
f9750cf6-5550-4136-b98b-af17243db4ed GET /users 2.759
e660d70f-9746-4512-92af-430fcffb509d GET /users 2.471
49b22f18-e54d-45c7-835d-6b6198a9b973 GET /users 2.499
b623b1c1-f5fb-4468-a45e-965acf3302e6 GET /users 3.790
03ceee2b-c258-4978-b5f8-edf0fe9bd1e5 GET /users 2.459
4000d5d1-b7f1-45e9-a18e-cc316c9ea148 GET /users 0.583
3cde091b-4d5d-4cb4-919e-48e840fd091c GET /users 0.322
0b1f99df-c37d-45de-b21a-0b071179139d GET /users 2.625
42fbeaa3-0b78-4a46-b1a8-df607fb5b4f6 GET /users 2.470
0ec60ca3-37c9-4918-ae47-8c4748a1c3f0 GET /users 2.314
ee1bcefa-74ee-43d8-9860-463c2b8cebf6 GET /users 2.370
69b15bbf-e0b4-42bb-9cc7-5345554c3203 GET /users 2.118
af03685d-9894-422d-8e5a-c5be880aaaa7 GET /users 3.379
842cec84-a10e-46fe-b47b-82671e3b90a9 GET /users 2.436
cdc195ab-d962-4dd0-b771-e44f3290b154 GET /users 2.173
91d6fff3-09b6-4f97-a9bf-2f7ab6b9c3b0 GET /users 2.862
9db09405-9ab7-4573-a326-d5e26c8ee4a6 GET /users 3.991
82ba859c-1d5c-48a4-b912-d098cb5fde21 GET /users 2.706
becc2a35-8543-4ac3-8191-477452f5fda7 GET /users 3.674
a61ae7a7-f90b-4f7e-88fc-f3d287754eb9 GET /users 2.505
48f70d82-f183-4bbd-bd51-698c17f66ea6 GET /users 3.630
2c8463a8-3225-4933-bc4f-b2324fb8305c GET /users 3.482
f4d8d8df-e7c5-426e-8442-4de4014c18a0 GET /users 3.816
4db6c641-4f44-4830-82b8-84d788250942 GET /users 3.516
1cc7ae75-c51c-4d60-ba32-28ed551d3e8d GET /users 0.589
b6089736-d706-4902-9cf6-1d0ea490fcfb GET /users 0.410
2e08c427-9b08-4ae2-a2b2-45d088489e54 GET /users 0.572
5604ba3f-97fa-4112-a36d-e4cb80ad08eb GET /users 0.303
263212fa-3d11-4a76-b54b-61d07c41a09b GET /users 0.584
9a7c6447-45a7-460b-a3cb-3b385be8ef75 GET /status 15.122
941cd627-32c0-4c11-bb85-671b7fc4e357 GET /users 0.723
09956525-f891-4a13-a3ad-7a3a43098c18 GET /socket.io/?EIO=3&transport=polling&t=NGG3d8u 16.993
85a27c87-6044-478f-8477-e620a8b145c9 GET /socket.io/?EIO=3&transport=polling&t=NGG3hZL 20.884
54a2c599-b901-4c37-b6ee-4d8e9c51ac15 GET /users 1.537
b37c4336-50b0-4f9b-8eef-102bdf5ba2d5 GET /users 11.977
1d6c72d5-a3fe-4c61-8629-ca60a491b575 GET /users 0.821
5409c6da-1db5-4e47-b7f0-90bdff9f7e6f GET /users 2.725
50bf6cd2-a5d8-407b-bfac-a2dff1cfca38 GET /users 3.428
d54de4e8-9967-4ae0-9677-9264aa6db7da GET /users 3.534
1f93f4e1-9241-41c4-858e-662112316645 GET /users 3.673
88e76e6b-03fd-4e99-8fa6-6595a2b5f8e1 GET /users 2.469
563ef791-6687-4aef-98a3-ad1bcd431751 GET /users 3.047
9a37b3d9-c231-4e63-8262-aae2877111c6 GET /socket.io/?EIO=3&transport=polling&t=NGG4j_d 17.801
690ea691-9750-45c2-a577-78216c106627 GET /socket.io/?EIO=3&transport=polling&t=NGG4p7- 16.997
8792b9e8-331a-4f03-8372-b2eb7c6a2da7 GET /socket.io/?EIO=3&transport=polling&t=NGG4uVz 16.242
01173ead-99ab-4936-aef4-4eec4683bdaf GET /socket.io/?EIO=3&transport=polling&t=NGG4vVX 17.174
76c0a706-d0c9-41bd-968c-78c3b703253a GET /socket.io/?EIO=3&transport=polling&t=NGG4xTe 17.888
49d23cfe-8650-49c7-8188-b2e07d9fc4b0 GET /socket.io/?EIO=3&transport=polling&t=NGG4ySD 17.871
2655a260-1eb6-4e6d-b563-71e28fd73f5b GET /users 10.473
56cb4880-82fe-49e3-bbff-8583c5340a98 GET /users 2.940
5b51b1ff-68f5-448e-bfbe-703e3b188d0a GET /users 2.674
b5f0fde3-64af-4cf6-be86-0d4d5129c2df POST /login 3.460
0f8663c4-6cfa-4b23-b370-1d0ea7f3f5e6 POST /login 101.734
a697bd8e-41b8-4420-a663-ee1414b2aaff GET /users 0.750
3aa0a74c-49df-41da-894e-7751198873e1 GET /users 0.854
588c8903-f6d8-48ea-8b3c-187f38aa4e22 GET /users 0.585
b0777f8f-b66a-4dcc-b4c9-7c95091759b6 GET /users 0.763
7ad8e6fe-9a9e-4f06-9d82-0a2253a09b88 GET /users 1.222
1a20096a-cb01-4068-9e75-7d90d28ccb9c GET /users 1.264
d38710e6-d317-499b-928d-6019e2a7b310 GET /users 0.718
cfa3de81-8208-4c4a-95e3-c6cce2fab1b2 GET /users 0.579
75d375ec-4a2e-4206-ba87-b135e1aaf4c0 GET /users 0.562
3bad1851-76ff-466d-8282-b70e1872046a GET /users 1.098
ed70e052-4a77-4556-b3c2-5744bf72722b GET /users 1.112
bfe800c4-4c4f-4656-973e-cd794c91c775 GET /users 0.574
1378bb10-91b0-47d5-b862-ee0c6ebf49f2 OPTIONS /login 1.306
ca49b6aa-cf3f-4eaf-8aa9-d2acf906cfbe POST /login 84.178
a65421b4-0948-4f32-9ff1-b52804a62fda POST /login 1.869
003ad0d3-a5c8-4363-99f6-77cfac11fd2e POST /login 1.914
ee86bcce-be76-4216-b8e7-3ecd19b045ab POST /login 1.825
e53dda2d-1acf-4809-90f0-7cd7a3d5720e POST /login 84.001
3e7b3b57-c474-48fb-b225-d2d4178f55a1 POST /login 88.052
964c0cde-3642-4ff1-b810-0abdfb1f6541 POST /login 86.948
84325328-ddac-456f-8ee0-5e15a882dca7 GET /users 0.531
a38fb148-5b17-44e0-9e83-f8b06730eae1 POST /login 1.812
6b981c9a-180d-4b78-86aa-bffb65dac0f8 POST /login 87.098
8730d243-8b4f-4554-8732-e6390c0201c1 GET /users 0.528
ccbe63f0-b1d5-4cc4-b2b3-ffdab0de4ea4 GET /socket.io/?EIO=3&transport=polling&t=NGG7EG8 18.960
8a616a99-0898-48c9-bea1-6e57facd747e GET /socket.io/?EIO=3&transport=polling&t=NGG7FFa 18.236
78771d22-0025-43a1-b29c-7891803726ad POST /login 114.665
453cab6c-bb3b-4f1a-bbab-b80b8c90f3fb GET /users 6.619
dadbd2c9-8f6a-44cb-a96c-ed30d8ffdc2b GET /users 3.559
7a055ee7-858f-46e6-a7f0-618afcb7f060 GET /users 0.979
cbe6a2d2-c462-483c-b246-37cf70944b1a OPTIONS /login 0.921
4b3f9967-4018-43d5-8df6-6bb46108f150 POST /login 88.173
e0a575ac-8f62-417a-b28b-b427ecff03d5 GET /users 0.757
47495080-8fdb-4e52-a0c8-3f410a1c337c GET /status 21.238
5438e72c-9814-48c1-b2d0-f6b8634d623e GET /users 0.654
10b2e4e8-0c5f-4953-a161-cb64585c6270 GET /users 0.824
8145e897-abc4-4160-88eb-ac7a83e62383 GET /status 0.865
da59f298-cd6f-464c-a4c2-9bb84642f515 GET /users 0.507
83bf2f40-5651-44c8-bf2b-eea35c7925cf GET /users 0.450
432f885c-7422-4f57-8878-11c0c6f4bb83 OPTIONS /login 0.745
1bec7e2d-769e-4653-85b4-9ae410258410 POST /login 89.347
b07ae97a-0d3b-49c0-ba6c-5f9102581cad GET /users 0.473
f099ac13-ff32-44df-916c-0761d09a06a0 GET /status 0.621
4528e027-d075-4410-8f71-62d697e5f75d GET /users 0.464
4d74c55f-51e1-46b7-b236-440c8ff5c91c GET /status 0.549
3b85e301-b15b-450a-81fd-aeeab3095834 GET /users 0.644
9222a34f-f724-4af9-8585-f4609f69b62d OPTIONS /login 11.209
6ebd2b9f-83a6-4777-aa7d-6dd1b76b2d6a POST /login 108.072
e6d2e343-28d0-479a-933c-9e6094b6dab5 GET /users 0.697
49331cfd-06f6-431e-a101-30b728d37282 GET /users 0.714
16f395a8-5227-44cb-a4c5-626751c86bce GET /status 17.392
9239f44a-1ba2-43e2-9a65-2633e2b46605 GET /users 0.671
36acb901-33ad-490b-96ab-7741c1171fca GET /users 14.660
2cae67eb-3b9d-40fd-ae7a-f90e531f0eee GET /status 15.905
76883b9b-1cd3-485d-9c1a-48a1ee4806e9 GET /users 0.932
945b484e-0488-4a55-837f-bb42a9b3585d GET /status 0.720
2ebda8ad-f4a3-45df-89e7-0f48f88c5f32 GET /status 0.573
24be9096-2f19-41d9-9f41-20e40e3f5df8 OPTIONS /login 11.900
f05f9d7f-ffe2-4d49-b373-6a25a5c535c9 POST /login 0.736
6261a093-8981-4802-ac35-a992ae49650d GET /users 19.872
57465545-ed7c-42ec-be43-dbbcbc74adaf OPTIONS /login 1.652
386691a7-d28e-47f9-833e-c3404e21c800 POST /login 105.906
84d3841a-22c1-4dc4-97d6-3645187674c8 OPTIONS /login 0.770
8743a0c0-9bba-4c98-aac7-58e4db36f07e POST /login 90.014
261353ba-18f6-4863-aa88-e3d8afe2c21b GET / 55.976
30638d09-4631-4ac5-be40-ead0c436ad6a GET / 12.689
102f8481-d677-43fe-8b1d-93eb48dfba4f GET / 11.873
8e4a0efd-20af-4c87-9f64-ba7af440fa04 GET / 1.315
c1ae46d1-3a05-4a7d-a329-1f2f69bbc638 GET /soinsikisds 13.893
6d5a0ba8-7950-477a-867e-58f748970209 GET /edd 2.607
1bddd6d8-3f1e-4988-b925-3151a2311df0 GET /edd 2.401
94c073b0-8320-4800-9fa4-d9ff4aacf6d0 GET / 0.757
882193bd-96e7-43b0-aceb-f0c9d82357f8 GET /gh 2.596
9b5ade69-5faf-492a-bade-642cdd1b1d84 GET /gh 19.158
387ad3aa-7fc9-4fe9-8637-8b9620c17f57 GET / 1.007
97248b29-96a3-4b07-ba01-bd02c0787d03 GET / 13.911
40e8893a-41f5-4ddb-a877-b5d677d55ebd GET / 0.677
76d3ceb6-a7c7-454a-8b1c-677f94f2a04e GET /g 13.593
bd05a6e3-67b1-46de-9877-594395d7b68f POST /login 22.229
1c08a418-bb50-4a3a-a7d3-4e0d1725b144 GET /users 1.188
4c92837c-80cf-42d1-a062-e083ded6e7ee POST /login 114.731
f567b721-8e8a-4506-bff3-b6a8d8f1707c GET /users 0.755
102ea2b0-f26c-41a4-a747-fb35a663b0e7 GET /users 0.623
186c2871-ad89-48f3-b144-8649eb9907f9 GET /users 1.712
709acee9-365a-4c2f-a2ea-4968c92a01a0 GET /users 0.443
ca37544f-7d40-4217-b983-350080382310 GET /users 0.474
b8507543-0b14-4019-8bbf-e274f60a679b GET /users 0.433
a179f7ff-333f-4fc1-8e83-ae9e713c0aa0 GET /users 0.472
5b3c783c-5353-4d5f-96c2-049f4855d30d GET /users 0.811
ed46fc2d-be2f-458b-8bc5-87de58b15929 POST /login 86.189
dc01e849-53d5-427f-bb88-5994575eb497 GET /users 1.053
8e25d210-1c26-45c3-b916-37a3e167825a POST /login 127.439
eaa7b58c-76bc-44ea-92c2-9cc7f9be0270 GET /users 2.272
9cf10383-661a-488f-b8e5-a853bb2bda36 GET /users 6.274
f3d81148-bf35-4702-94f9-a6447f9b5bf0 GET /users 0.894
9eab4649-e7a2-4df9-ae4d-c144c7484a10 GET /users 1.114
ee654b26-7984-4bed-8c6f-d24502046495 GET /users 0.447
1eb81ab9-b535-4b73-a1cc-53c095ce2edf GET /users 0.621
a6798ead-ebac-451f-9b8b-3c0ddd91e810 GET /users 0.581
